Matrix path: /home/lollo/Documents/datasets/matrices/
Available matrices:['parabolic_fem.mat', 'StocF-1465.REPLACEmat', 'apache2.mat', 'ex15.mat', 'hold', 'cfd1.mat', 'cfd2.mat', 'shallow_water1.mat', 'Flan_1565.REPLACEmat', 'G3_circuit.mat']
Starting computation...
Computing parabolic_fem.mat
Filename: /home/lollo/Dropbox/Bicocca/materiale/magistrale/secondo-semestre/metodi-del-calcolo-scientifico/progetto-1/cholesky-linear-solvers-comparasion/python/main.py

Line #    Mem usage    Increment  Occurrences   Line Contents
=============================================================
    16    147.4 MiB    147.4 MiB           1   @profile 
    17                                         def sparse_matrix_solver(A, b):
    18    147.4 MiB      0.0 MiB           1       try: 
    19    595.4 MiB    447.9 MiB           1           factor = cholesky(A)
    20    595.4 MiB      0.0 MiB           1           x = factor(b)
    21                                             except Exception as e:
    22                                                 print('Cholesky decomposition not supported: ' + str(e))
    23                                                 x = np.zeros(A.shape[0]) 
    24                                             
    25    595.4 MiB      0.0 MiB           1       return x


Computing apache2.mat
Filename: /home/lollo/Dropbox/Bicocca/materiale/magistrale/secondo-semestre/metodi-del-calcolo-scientifico/progetto-1/cholesky-linear-solvers-comparasion/python/main.py

Line #    Mem usage    Increment  Occurrences   Line Contents
=============================================================
    16    226.8 MiB    226.8 MiB           1   @profile 
    17                                         def sparse_matrix_solver(A, b):
    18    226.8 MiB      0.0 MiB           1       try: 
    19   1705.2 MiB   1478.4 MiB           1           factor = cholesky(A)
    20   1705.2 MiB      0.0 MiB           1           x = factor(b)
    21                                             except Exception as e:
    22                                                 print('Cholesky decomposition not supported: ' + str(e))
    23                                                 x = np.zeros(A.shape[0]) 
    24                                             
    25   1705.2 MiB      0.0 MiB           1       return x


Computing ex15.mat
Filename: /home/lollo/Dropbox/Bicocca/materiale/magistrale/secondo-semestre/metodi-del-calcolo-scientifico/progetto-1/cholesky-linear-solvers-comparasion/python/main.py

Line #    Mem usage    Increment  Occurrences   Line Contents
=============================================================
    16    400.2 MiB    400.2 MiB           1   @profile 
    17                                         def sparse_matrix_solver(A, b):
    18    400.2 MiB      0.0 MiB           1       try: 
    19    400.2 MiB      0.0 MiB           1           factor = cholesky(A)
    20    400.2 MiB      0.0 MiB           1           x = factor(b)
    21                                             except Exception as e:
    22                                                 print('Cholesky decomposition not supported: ' + str(e))
    23                                                 x = np.zeros(A.shape[0]) 
    24                                             
    25    400.2 MiB      0.0 MiB           1       return x


Computing cfd1.mat
Filename: /home/lollo/Dropbox/Bicocca/materiale/magistrale/secondo-semestre/metodi-del-calcolo-scientifico/progetto-1/cholesky-linear-solvers-comparasion/python/main.py

Line #    Mem usage    Increment  Occurrences   Line Contents
=============================================================
    16    400.2 MiB    400.2 MiB           1   @profile 
    17                                         def sparse_matrix_solver(A, b):
    18    400.2 MiB      0.0 MiB           1       try: 
    19    580.3 MiB    180.1 MiB           1           factor = cholesky(A)
    20    580.3 MiB      0.0 MiB           1           x = factor(b)
    21                                             except Exception as e:
    22                                                 print('Cholesky decomposition not supported: ' + str(e))
    23                                                 x = np.zeros(A.shape[0]) 
    24                                             
    25    580.3 MiB      0.0 MiB           1       return x


Computing cfd2.mat
Filename: /home/lollo/Dropbox/Bicocca/materiale/magistrale/secondo-semestre/metodi-del-calcolo-scientifico/progetto-1/cholesky-linear-solvers-comparasion/python/main.py

Line #    Mem usage    Increment  Occurrences   Line Contents
=============================================================
    16    400.3 MiB    400.3 MiB           1   @profile 
    17                                         def sparse_matrix_solver(A, b):
    18    400.3 MiB      0.0 MiB           1       try: 
    19    738.5 MiB    338.2 MiB           1           factor = cholesky(A)
    20    738.5 MiB      0.0 MiB           1           x = factor(b)
    21                                             except Exception as e:
    22                                                 print('Cholesky decomposition not supported: ' + str(e))
    23                                                 x = np.zeros(A.shape[0]) 
    24                                             
    25    738.5 MiB      0.0 MiB           1       return x


Computing shallow_water1.mat
Filename: /home/lollo/Dropbox/Bicocca/materiale/magistrale/secondo-semestre/metodi-del-calcolo-scientifico/progetto-1/cholesky-linear-solvers-comparasion/python/main.py

Line #    Mem usage    Increment  Occurrences   Line Contents
=============================================================
    16    400.4 MiB    400.4 MiB           1   @profile 
    17                                         def sparse_matrix_solver(A, b):
    18    400.4 MiB      0.0 MiB           1       try: 
    19    400.4 MiB      0.0 MiB           1           factor = cholesky(A)
    20    400.4 MiB      0.0 MiB           1           x = factor(b)
    21                                             except Exception as e:
    22                                                 print('Cholesky decomposition not supported: ' + str(e))
    23                                                 x = np.zeros(A.shape[0]) 
    24                                             
    25    400.4 MiB      0.0 MiB           1       return x


Computing G3_circuit.mat
Filename: /home/lollo/Dropbox/Bicocca/materiale/magistrale/secondo-semestre/metodi-del-calcolo-scientifico/progetto-1/cholesky-linear-solvers-comparasion/python/main.py

Line #    Mem usage    Increment  Occurrences   Line Contents
=============================================================
    16    400.4 MiB    400.4 MiB           1   @profile 
    17                                         def sparse_matrix_solver(A, b):
    18    400.4 MiB      0.0 MiB           1       try: 
    19   1367.6 MiB    967.2 MiB           1           factor = cholesky(A)
    20   1367.6 MiB      0.0 MiB           1           x = factor(b)
    21                                             except Exception as e:
    22                                                 print('Cholesky decomposition not supported: ' + str(e))
    23                                                 x = np.zeros(A.shape[0]) 
    24                                             
    25   1367.6 MiB      0.0 MiB           1       return x


Total time: 155.77 seconds
